<?xml version="1.0" encoding="UTF-8"?>
<!-- Generated by org.testng.reporters.JUnitReportReporter -->
<testsuite hostname="LIN59021064" failures="0" tests="3" name="FrameworksDemo.testclasses.EndToEndClass" time="36.938" errors="0" timestamp="2024-08-08T18:56:40 IST" skipped="0">
  <testcase classname="FrameworksDemo.testclasses.EndToEndClass" name="VerifyOrder" time="8.777"/>
  <testcase classname="FrameworksDemo.testclasses.EndToEndClass" name="submitOrder" time="16.399"/>
  <testcase classname="FrameworksDemo.testclasses.EndToEndClass" name="submitOrder" time="11.762"/>
</testsuite> <!-- FrameworksDemo.testclasses.EndToEndClass -->
