<?xml version="1.0" encoding="UTF-8"?>
<!-- Generated by org.testng.reporters.JUnitReportReporter -->
<testsuite hostname="LIN59021064" failures="0" tests="1" name="FrameworksDemo.PageObjects.EndToEndClass" time="11.697" errors="0" timestamp="2024-08-07T08:00:08 IST" skipped="0">
  <testcase classname="FrameworksDemo.PageObjects.EndToEndClass" name="submitOrder" time="11.697"/>
</testsuite> <!-- FrameworksDemo.PageObjects.EndToEndClass -->
