<?xml version="1.0" encoding="UTF-8"?>
<!-- Generated by org.testng.reporters.JUnitReportReporter -->
<testsuite hostname="LIN59021064" failures="0" tests="4" name="cucumber.CucumberTestRunner" time="24.303" errors="0" timestamp="2024-08-10T12:08:23 IST" skipped="0">
  <testcase classname="cucumber.CucumberTestRunner" name="runScenario" time="9.149"/>
  <testcase classname="cucumber.CucumberTestRunner" name="runScenario" time="3.381"/>
  <testcase classname="cucumber.CucumberTestRunner" name="runScenario" time="8.328"/>
  <testcase classname="cucumber.CucumberTestRunner" name="runScenario" time="3.445"/>
</testsuite> <!-- cucumber.CucumberTestRunner -->
