<?xml version="1.0" encoding="UTF-8"?>
<!-- Generated by org.testng.reporters.JUnitReportReporter -->
<testsuite hostname="LIN59021064" failures="0" tests="3" name="FrameworksDemo.testclasses.EndToEndClass" time="54.389" errors="0" timestamp="2024-08-10T12:37:30 IST" skipped="0">
  <testcase classname="FrameworksDemo.testclasses.EndToEndClass" name="submitOrder" time="19.527"/>
  <testcase classname="FrameworksDemo.testclasses.EndToEndClass" name="VerifyOrder" time="9.684"/>
  <testcase classname="FrameworksDemo.testclasses.EndToEndClass" name="submitOrder" time="25.178"/>
</testsuite> <!-- FrameworksDemo.testclasses.EndToEndClass -->
