<?xml version="1.0" encoding="UTF-8"?>
<!-- Generated by org.testng.reporters.JUnitReportReporter -->
<testsuite hostname="LIN59021064" failures="0" tests="2" name="FrameworksDemo.testclasses.ErrorClass" time="33.236" errors="0" timestamp="2024-08-10T12:37:30 IST" skipped="0">
  <testcase classname="FrameworksDemo.testclasses.ErrorClass" name="productError" time="14.925"/>
  <testcase classname="FrameworksDemo.testclasses.ErrorClass" name="loginError" time="18.311"/>
</testsuite> <!-- FrameworksDemo.testclasses.ErrorClass -->
